{"/Users/petterdalhaug/Documents/testdekning/pageturner/backend/server.js": {"path":"/Users/petterdalhaug/Documents/testdekning/pageturner/backend/server.js","statementMap":{"0":{"start":{"line":1,"column":0},"end":{"line":1,"column":26}},"1":{"start":{"line":3,"column":16},"end":{"line":3,"column":34}},"2":{"start":{"line":4,"column":17},"end":{"line":4,"column":36}},"3":{"start":{"line":5,"column":21},"end":{"line":5,"column":53}},"4":{"start":{"line":6,"column":19},"end":{"line":6,"column":49}},"5":{"start":{"line":7,"column":21},"end":{"line":7,"column":53}},"6":{"start":{"line":8,"column":19},"end":{"line":8,"column":49}},"7":{"start":{"line":11,"column":12},"end":{"line":11,"column":21}},"8":{"start":{"line":13,"column":13},"end":{"line":13,"column":28}},"9":{"start":{"line":17,"column":0},"end":{"line":17,"column":16}},"10":{"start":{"line":20,"column":0},"end":{"line":20,"column":23}},"11":{"start":{"line":21,"column":0},"end":{"line":24,"column":2}},"12":{"start":{"line":22,"column":2},"end":{"line":22,"column":35}},"13":{"start":{"line":23,"column":2},"end":{"line":23,"column":8}},"14":{"start":{"line":27,"column":0},"end":{"line":27,"column":36}},"15":{"start":{"line":28,"column":0},"end":{"line":28,"column":33}},"16":{"start":{"line":29,"column":0},"end":{"line":29,"column":33}},"17":{"start":{"line":30,"column":0},"end":{"line":30,"column":36}},"18":{"start":{"line":34,"column":0},"end":{"line":37,"column":3}},"19":{"start":{"line":35,"column":2},"end":{"line":35,"column":27}},"20":{"start":{"line":36,"column":2},"end":{"line":36,"column":61}},"21":{"start":{"line":40,"column":0},"end":{"line":49,"column":4}},"22":{"start":{"line":43,"column":4},"end":{"line":45,"column":6}},"23":{"start":{"line":44,"column":6},"end":{"line":44,"column":77}},"24":{"start":{"line":48,"column":4},"end":{"line":48,"column":22}}},"fnMap":{"0":{"name":"(anonymous_0)","decl":{"start":{"line":21,"column":8},"end":{"line":21,"column":9}},"loc":{"start":{"line":21,"column":28},"end":{"line":24,"column":1}},"line":21},"1":{"name":"(anonymous_1)","decl":{"start":{"line":34,"column":8},"end":{"line":34,"column":9}},"loc":{"start":{"line":34,"column":33},"end":{"line":37,"column":1}},"line":34},"2":{"name":"(anonymous_2)","decl":{"start":{"line":41,"column":8},"end":{"line":41,"column":9}},"loc":{"start":{"line":41,"column":14},"end":{"line":46,"column":3}},"line":41},"3":{"name":"(anonymous_3)","decl":{"start":{"line":43,"column":33},"end":{"line":43,"column":34}},"loc":{"start":{"line":43,"column":39},"end":{"line":45,"column":5}},"line":43},"4":{"name":"(anonymous_4)","decl":{"start":{"line":47,"column":9},"end":{"line":47,"column":10}},"loc":{"start":{"line":47,"column":20},"end":{"line":49,"column":3}},"line":47}},"branchMap":{},"s":{"0":1,"1":1,"2":1,"3":1,"4":1,"5":1,"6":1,"7":1,"8":1,"9":1,"10":1,"11":1,"12":0,"13":0,"14":1,"15":1,"16":1,"17":1,"18":1,"19":0,"20":0,"21":1,"22":1,"23":0,"24":0},"f":{"0":0,"1":0,"2":1,"3":0,"4":0},"b":{},"_coverageSchema":"1a1c01bbd47fc00a2c39e90264f33305004495a9","hash":"e046f1fd5f2d49a378fe7ea468b08583013411d8"}
,"/Users/petterdalhaug/Documents/testdekning/pageturner/backend/controllers/authorController.js": {"path":"/Users/petterdalhaug/Documents/testdekning/pageturner/backend/controllers/authorController.js","statementMap":{"0":{"start":{"line":1,"column":15},"end":{"line":1,"column":42}},"1":{"start":{"line":2,"column":17},"end":{"line":2,"column":36}},"2":{"start":{"line":5,"column":19},"end":{"line":9,"column":1}},"3":{"start":{"line":6,"column":18},"end":{"line":6,"column":63}},"4":{"start":{"line":8,"column":2},"end":{"line":8,"column":31}},"5":{"start":{"line":12,"column":18},"end":{"line":30,"column":1}},"6":{"start":{"line":14,"column":17},"end":{"line":14,"column":27}},"7":{"start":{"line":17,"column":2},"end":{"line":19,"column":3}},"8":{"start":{"line":18,"column":4},"end":{"line":18,"column":60}},"9":{"start":{"line":21,"column":17},"end":{"line":21,"column":42}},"10":{"start":{"line":23,"column":2},"end":{"line":25,"column":3}},"11":{"start":{"line":24,"column":4},"end":{"line":24,"column":60}},"12":{"start":{"line":27,"column":2},"end":{"line":27,"column":30}},"13":{"start":{"line":32,"column":28},"end":{"line":49,"column":1}},"14":{"start":{"line":33,"column":15},"end":{"line":33,"column":30}},"15":{"start":{"line":36,"column":16},"end":{"line":36,"column":49}},"16":{"start":{"line":39,"column":2},"end":{"line":48,"column":4}},"17":{"start":{"line":40,"column":4},"end":{"line":47,"column":5}},"18":{"start":{"line":41,"column":6},"end":{"line":41,"column":27}},"19":{"start":{"line":42,"column":6},"end":{"line":42,"column":55}},"20":{"start":{"line":43,"column":11},"end":{"line":47,"column":5}},"21":{"start":{"line":44,"column":6},"end":{"line":44,"column":47}},"22":{"start":{"line":46,"column":6},"end":{"line":46,"column":24}},"23":{"start":{"line":81,"column":18},"end":{"line":92,"column":1}},"24":{"start":{"line":82,"column":30},"end":{"line":82,"column":38}},"25":{"start":{"line":85,"column":2},"end":{"line":91,"column":3}},"26":{"start":{"line":86,"column":19},"end":{"line":86,"column":59}},"27":{"start":{"line":87,"column":4},"end":{"line":87,"column":32}},"28":{"start":{"line":89,"column":4},"end":{"line":89,"column":50}},"29":{"start":{"line":95,"column":21},"end":{"line":110,"column":1}},"30":{"start":{"line":96,"column":17},"end":{"line":96,"column":27}},"31":{"start":{"line":98,"column":2},"end":{"line":100,"column":3}},"32":{"start":{"line":99,"column":4},"end":{"line":99,"column":60}},"33":{"start":{"line":102,"column":17},"end":{"line":102,"column":59}},"34":{"start":{"line":104,"column":2},"end":{"line":106,"column":3}},"35":{"start":{"line":105,"column":4},"end":{"line":105,"column":60}},"36":{"start":{"line":108,"column":2},"end":{"line":108,"column":30}},"37":{"start":{"line":114,"column":31},"end":{"line":125,"column":1}},"38":{"start":{"line":115,"column":19},"end":{"line":115,"column":29}},"39":{"start":{"line":117,"column":17},"end":{"line":117,"column":62}},"40":{"start":{"line":119,"column":2},"end":{"line":121,"column":3}},"41":{"start":{"line":120,"column":4},"end":{"line":120,"column":60}},"42":{"start":{"line":123,"column":2},"end":{"line":123,"column":30}},"43":{"start":{"line":129,"column":0},"end":{"line":136,"column":1}}},"fnMap":{"0":{"name":"(anonymous_0)","decl":{"start":{"line":5,"column":19},"end":{"line":5,"column":20}},"loc":{"start":{"line":5,"column":39},"end":{"line":9,"column":1}},"line":5},"1":{"name":"(anonymous_1)","decl":{"start":{"line":12,"column":18},"end":{"line":12,"column":19}},"loc":{"start":{"line":12,"column":38},"end":{"line":30,"column":1}},"line":12},"2":{"name":"(anonymous_2)","decl":{"start":{"line":32,"column":28},"end":{"line":32,"column":29}},"loc":{"start":{"line":32,"column":48},"end":{"line":49,"column":1}},"line":32},"3":{"name":"(anonymous_3)","decl":{"start":{"line":39,"column":31},"end":{"line":39,"column":32}},"loc":{"start":{"line":39,"column":57},"end":{"line":48,"column":3}},"line":39},"4":{"name":"(anonymous_4)","decl":{"start":{"line":81,"column":18},"end":{"line":81,"column":19}},"loc":{"start":{"line":81,"column":38},"end":{"line":92,"column":1}},"line":81},"5":{"name":"(anonymous_5)","decl":{"start":{"line":95,"column":21},"end":{"line":95,"column":22}},"loc":{"start":{"line":95,"column":41},"end":{"line":110,"column":1}},"line":95},"6":{"name":"(anonymous_6)","decl":{"start":{"line":114,"column":31},"end":{"line":114,"column":32}},"loc":{"start":{"line":114,"column":51},"end":{"line":125,"column":1}},"line":114}},"branchMap":{"0":{"loc":{"start":{"line":17,"column":2},"end":{"line":19,"column":3}},"type":"if","locations":[{"start":{"line":17,"column":2},"end":{"line":19,"column":3}},{"start":{},"end":{}}],"line":17},"1":{"loc":{"start":{"line":23,"column":2},"end":{"line":25,"column":3}},"type":"if","locations":[{"start":{"line":23,"column":2},"end":{"line":25,"column":3}},{"start":{},"end":{}}],"line":23},"2":{"loc":{"start":{"line":40,"column":4},"end":{"line":47,"column":5}},"type":"if","locations":[{"start":{"line":40,"column":4},"end":{"line":47,"column":5}},{"start":{"line":43,"column":11},"end":{"line":47,"column":5}}],"line":40},"3":{"loc":{"start":{"line":43,"column":11},"end":{"line":47,"column":5}},"type":"if","locations":[{"start":{"line":43,"column":11},"end":{"line":47,"column":5}},{"start":{"line":45,"column":11},"end":{"line":47,"column":5}}],"line":43},"4":{"loc":{"start":{"line":98,"column":2},"end":{"line":100,"column":3}},"type":"if","locations":[{"start":{"line":98,"column":2},"end":{"line":100,"column":3}},{"start":{},"end":{}}],"line":98},"5":{"loc":{"start":{"line":104,"column":2},"end":{"line":106,"column":3}},"type":"if","locations":[{"start":{"line":104,"column":2},"end":{"line":106,"column":3}},{"start":{},"end":{}}],"line":104},"6":{"loc":{"start":{"line":119,"column":2},"end":{"line":121,"column":3}},"type":"if","locations":[{"start":{"line":119,"column":2},"end":{"line":121,"column":3}},{"start":{},"end":{}}],"line":119}},"s":{"0":2,"1":2,"2":2,"3":1,"4":1,"5":2,"6":0,"7":0,"8":0,"9":0,"10":0,"11":0,"12":0,"13":2,"14":0,"15":0,"16":0,"17":0,"18":0,"19":0,"20":0,"21":0,"22":0,"23":2,"24":0,"25":0,"26":0,"27":0,"28":0,"29":2,"30":0,"31":0,"32":0,"33":0,"34":0,"35":0,"36":0,"37":2,"38":0,"39":0,"40":0,"41":0,"42":0,"43":2},"f":{"0":1,"1":0,"2":0,"3":0,"4":0,"5":0,"6":0},"b":{"0":[0,0],"1":[0,0],"2":[0,0],"3":[0,0],"4":[0,0],"5":[0,0],"6":[0,0]},"_coverageSchema":"1a1c01bbd47fc00a2c39e90264f33305004495a9","hash":"e09cddfabf689134d3f4ab21b152cbcb8ee253aa"}
,"/Users/petterdalhaug/Documents/testdekning/pageturner/backend/controllers/bookController.js": {"path":"/Users/petterdalhaug/Documents/testdekning/pageturner/backend/controllers/bookController.js","statementMap":{"0":{"start":{"line":1,"column":13},"end":{"line":1,"column":38}},"1":{"start":{"line":2,"column":15},"end":{"line":2,"column":42}},"2":{"start":{"line":3,"column":13},"end":{"line":3,"column":38}},"3":{"start":{"line":4,"column":20},"end":{"line":4,"column":52}},"4":{"start":{"line":9,"column":20},"end":{"line":54,"column":2}},"5":{"start":{"line":11,"column":4},"end":{"line":41,"column":7}},"6":{"start":{"line":13,"column":22},"end":{"line":13,"column":90}},"7":{"start":{"line":16,"column":36},"end":{"line":33,"column":10}},"8":{"start":{"line":17,"column":10},"end":{"line":32,"column":11}},"9":{"start":{"line":36,"column":8},"end":{"line":36,"column":37}},"10":{"start":{"line":39,"column":8},"end":{"line":39,"column":28}},"11":{"start":{"line":40,"column":8},"end":{"line":40,"column":57}},"12":{"start":{"line":59,"column":20},"end":{"line":96,"column":2}},"13":{"start":{"line":60,"column":17},"end":{"line":60,"column":27}},"14":{"start":{"line":62,"column":2},"end":{"line":64,"column":3}},"15":{"start":{"line":63,"column":4},"end":{"line":63,"column":64}},"16":{"start":{"line":66,"column":4},"end":{"line":95,"column":7}},"17":{"start":{"line":67,"column":21},"end":{"line":68,"column":37}},"18":{"start":{"line":70,"column":8},"end":{"line":73,"column":9}},"19":{"start":{"line":72,"column":10},"end":{"line":72,"column":68}},"20":{"start":{"line":76,"column":8},"end":{"line":91,"column":10}},"21":{"start":{"line":94,"column":8},"end":{"line":94,"column":54}},"22":{"start":{"line":101,"column":23},"end":{"line":131,"column":2}},"23":{"start":{"line":102,"column":20},"end":{"line":102,"column":30}},"24":{"start":{"line":104,"column":16},"end":{"line":104,"column":50}},"25":{"start":{"line":105,"column":15},"end":{"line":108,"column":11}},"26":{"start":{"line":110,"column":2},"end":{"line":112,"column":3}},"27":{"start":{"line":111,"column":4},"end":{"line":111,"column":54}},"28":{"start":{"line":114,"column":4},"end":{"line":129,"column":7}},"29":{"start":{"line":136,"column":22},"end":{"line":165,"column":2}},"30":{"start":{"line":137,"column":19},"end":{"line":137,"column":29}},"31":{"start":{"line":139,"column":16},"end":{"line":139,"column":49}},"32":{"start":{"line":140,"column":15},"end":{"line":142,"column":13}},"33":{"start":{"line":144,"column":2},"end":{"line":146,"column":3}},"34":{"start":{"line":145,"column":6},"end":{"line":145,"column":56}},"35":{"start":{"line":148,"column":2},"end":{"line":163,"column":5}},"36":{"start":{"line":170,"column":22},"end":{"line":199,"column":4}},"37":{"start":{"line":171,"column":4},"end":{"line":198,"column":7}},"38":{"start":{"line":172,"column":90},"end":{"line":172,"column":98}},"39":{"start":{"line":175,"column":29},"end":{"line":175,"column":67}},"40":{"start":{"line":179,"column":25},"end":{"line":179,"column":96}},"41":{"start":{"line":181,"column":19},"end":{"line":190,"column":10}},"42":{"start":{"line":192,"column":8},"end":{"line":192,"column":26}},"43":{"start":{"line":194,"column":8},"end":{"line":194,"column":77}},"44":{"start":{"line":196,"column":8},"end":{"line":196,"column":29}},"45":{"start":{"line":197,"column":8},"end":{"line":197,"column":58}},"46":{"start":{"line":205,"column":19},"end":{"line":234,"column":2}},"47":{"start":{"line":206,"column":19},"end":{"line":206,"column":29}},"48":{"start":{"line":207,"column":112},"end":{"line":207,"column":120}},"49":{"start":{"line":209,"column":15},"end":{"line":209,"column":45}},"50":{"start":{"line":211,"column":2},"end":{"line":213,"column":3}},"51":{"start":{"line":212,"column":4},"end":{"line":212,"column":54}},"52":{"start":{"line":216,"column":20},"end":{"line":216,"column":63}},"53":{"start":{"line":218,"column":2},"end":{"line":220,"column":3}},"54":{"start":{"line":219,"column":4},"end":{"line":219,"column":68}},"55":{"start":{"line":222,"column":4},"end":{"line":222,"column":22}},"56":{"start":{"line":223,"column":4},"end":{"line":223,"column":34}},"57":{"start":{"line":224,"column":4},"end":{"line":224,"column":22}},"58":{"start":{"line":225,"column":4},"end":{"line":225,"column":34}},"59":{"start":{"line":226,"column":4},"end":{"line":226,"column":22}},"60":{"start":{"line":227,"column":4},"end":{"line":227,"column":32}},"61":{"start":{"line":228,"column":4},"end":{"line":228,"column":20}},"62":{"start":{"line":229,"column":4},"end":{"line":229,"column":30}},"63":{"start":{"line":230,"column":4},"end":{"line":230,"column":34}},"64":{"start":{"line":232,"column":22},"end":{"line":232,"column":39}},"65":{"start":{"line":233,"column":2},"end":{"line":233,"column":44}},"66":{"start":{"line":239,"column":19},"end":{"line":250,"column":2}},"67":{"start":{"line":240,"column":17},"end":{"line":240,"column":27}},"68":{"start":{"line":242,"column":15},"end":{"line":242,"column":45}},"69":{"start":{"line":244,"column":2},"end":{"line":246,"column":3}},"70":{"start":{"line":245,"column":4},"end":{"line":245,"column":54}},"71":{"start":{"line":248,"column":2},"end":{"line":248,"column":24}},"72":{"start":{"line":249,"column":2},"end":{"line":249,"column":37}},"73":{"start":{"line":255,"column":26},"end":{"line":264,"column":2}},"74":{"start":{"line":256,"column":20},"end":{"line":256,"column":30}},"75":{"start":{"line":257,"column":16},"end":{"line":257,"column":50}},"76":{"start":{"line":258,"column":15},"end":{"line":258,"column":60}},"77":{"start":{"line":259,"column":2},"end":{"line":263,"column":3}},"78":{"start":{"line":260,"column":4},"end":{"line":260,"column":55}},"79":{"start":{"line":262,"column":4},"end":{"line":262,"column":87}},"80":{"start":{"line":270,"column":0},"end":{"line":279,"column":1}}},"fnMap":{"0":{"name":"(anonymous_0)","decl":{"start":{"line":9,"column":32},"end":{"line":9,"column":33}},"loc":{"start":{"line":9,"column":52},"end":{"line":54,"column":1}},"line":9},"1":{"name":"(anonymous_1)","decl":{"start":{"line":16,"column":46},"end":{"line":16,"column":47}},"loc":{"start":{"line":16,"column":54},"end":{"line":33,"column":9}},"line":16},"2":{"name":"(anonymous_2)","decl":{"start":{"line":59,"column":32},"end":{"line":59,"column":33}},"loc":{"start":{"line":59,"column":52},"end":{"line":96,"column":1}},"line":59},"3":{"name":"(anonymous_3)","decl":{"start":{"line":101,"column":35},"end":{"line":101,"column":36}},"loc":{"start":{"line":101,"column":55},"end":{"line":131,"column":1}},"line":101},"4":{"name":"(anonymous_4)","decl":{"start":{"line":136,"column":34},"end":{"line":136,"column":35}},"loc":{"start":{"line":136,"column":54},"end":{"line":165,"column":1}},"line":136},"5":{"name":"(anonymous_5)","decl":{"start":{"line":170,"column":34},"end":{"line":170,"column":35}},"loc":{"start":{"line":170,"column":54},"end":{"line":199,"column":3}},"line":170},"6":{"name":"(anonymous_6)","decl":{"start":{"line":205,"column":31},"end":{"line":205,"column":32}},"loc":{"start":{"line":205,"column":51},"end":{"line":234,"column":1}},"line":205},"7":{"name":"(anonymous_7)","decl":{"start":{"line":239,"column":31},"end":{"line":239,"column":32}},"loc":{"start":{"line":239,"column":51},"end":{"line":250,"column":1}},"line":239},"8":{"name":"(anonymous_8)","decl":{"start":{"line":255,"column":38},"end":{"line":255,"column":39}},"loc":{"start":{"line":255,"column":58},"end":{"line":264,"column":1}},"line":255}},"branchMap":{"0":{"loc":{"start":{"line":62,"column":2},"end":{"line":64,"column":3}},"type":"if","locations":[{"start":{"line":62,"column":2},"end":{"line":64,"column":3}},{"start":{},"end":{}}],"line":62},"1":{"loc":{"start":{"line":70,"column":8},"end":{"line":73,"column":9}},"type":"if","locations":[{"start":{"line":70,"column":8},"end":{"line":73,"column":9}},{"start":{},"end":{}}],"line":70},"2":{"loc":{"start":{"line":110,"column":2},"end":{"line":112,"column":3}},"type":"if","locations":[{"start":{"line":110,"column":2},"end":{"line":112,"column":3}},{"start":{},"end":{}}],"line":110},"3":{"loc":{"start":{"line":144,"column":2},"end":{"line":146,"column":3}},"type":"if","locations":[{"start":{"line":144,"column":2},"end":{"line":146,"column":3}},{"start":{},"end":{}}],"line":144},"4":{"loc":{"start":{"line":179,"column":25},"end":{"line":179,"column":96}},"type":"cond-expr","locations":[{"start":{"line":179,"column":42},"end":{"line":179,"column":56}},{"start":{"line":179,"column":59},"end":{"line":179,"column":96}}],"line":179},"5":{"loc":{"start":{"line":211,"column":2},"end":{"line":213,"column":3}},"type":"if","locations":[{"start":{"line":211,"column":2},"end":{"line":213,"column":3}},{"start":{},"end":{}}],"line":211},"6":{"loc":{"start":{"line":218,"column":2},"end":{"line":220,"column":3}},"type":"if","locations":[{"start":{"line":218,"column":2},"end":{"line":220,"column":3}},{"start":{},"end":{}}],"line":218},"7":{"loc":{"start":{"line":218,"column":6},"end":{"line":218,"column":50}},"type":"binary-expr","locations":[{"start":{"line":218,"column":6},"end":{"line":218,"column":15}},{"start":{"line":218,"column":19},"end":{"line":218,"column":50}}],"line":218},"8":{"loc":{"start":{"line":244,"column":2},"end":{"line":246,"column":3}},"type":"if","locations":[{"start":{"line":244,"column":2},"end":{"line":246,"column":3}},{"start":{},"end":{}}],"line":244},"9":{"loc":{"start":{"line":259,"column":2},"end":{"line":263,"column":3}},"type":"if","locations":[{"start":{"line":259,"column":2},"end":{"line":263,"column":3}},{"start":{"line":261,"column":9},"end":{"line":263,"column":3}}],"line":259}},"s":{"0":2,"1":2,"2":2,"3":2,"4":2,"5":1,"6":1,"7":1,"8":2,"9":1,"10":0,"11":0,"12":2,"13":0,"14":0,"15":0,"16":0,"17":0,"18":0,"19":0,"20":0,"21":0,"22":2,"23":0,"24":0,"25":0,"26":0,"27":0,"28":0,"29":2,"30":0,"31":0,"32":0,"33":0,"34":0,"35":0,"36":2,"37":0,"38":0,"39":0,"40":0,"41":0,"42":0,"43":0,"44":0,"45":0,"46":2,"47":0,"48":0,"49":0,"50":0,"51":0,"52":0,"53":0,"54":0,"55":0,"56":0,"57":0,"58":0,"59":0,"60":0,"61":0,"62":0,"63":0,"64":0,"65":0,"66":2,"67":0,"68":0,"69":0,"70":0,"71":0,"72":0,"73":2,"74":0,"75":0,"76":0,"77":0,"78":0,"79":0,"80":2},"f":{"0":1,"1":2,"2":0,"3":0,"4":0,"5":0,"6":0,"7":0,"8":0},"b":{"0":[0,0],"1":[0,0],"2":[0,0],"3":[0,0],"4":[0,0],"5":[0,0],"6":[0,0],"7":[0,0],"8":[0,0],"9":[0,0]},"_coverageSchema":"1a1c01bbd47fc00a2c39e90264f33305004495a9","hash":"0c351aab8fc8105b50b216c216b67b2fcb923a57"}
,"/Users/petterdalhaug/Documents/testdekning/pageturner/backend/controllers/reviewController.js": {"path":"/Users/petterdalhaug/Documents/testdekning/pageturner/backend/controllers/reviewController.js","statementMap":{"0":{"start":{"line":1,"column":15},"end":{"line":1,"column":42}},"1":{"start":{"line":2,"column":13},"end":{"line":2,"column":38}},"2":{"start":{"line":3,"column":13},"end":{"line":3,"column":38}},"3":{"start":{"line":4,"column":17},"end":{"line":4,"column":36}},"4":{"start":{"line":5,"column":21},"end":{"line":5,"column":53}},"5":{"start":{"line":11,"column":21},"end":{"line":52,"column":2}},"6":{"start":{"line":13,"column":42},"end":{"line":13,"column":50}},"7":{"start":{"line":16,"column":16},"end":{"line":16,"column":41}},"8":{"start":{"line":17,"column":2},"end":{"line":20,"column":3}},"9":{"start":{"line":18,"column":4},"end":{"line":18,"column":20}},"10":{"start":{"line":19,"column":4},"end":{"line":19,"column":38}},"11":{"start":{"line":23,"column":16},"end":{"line":23,"column":41}},"12":{"start":{"line":24,"column":2},"end":{"line":27,"column":3}},"13":{"start":{"line":25,"column":4},"end":{"line":25,"column":20}},"14":{"start":{"line":26,"column":4},"end":{"line":26,"column":38}},"15":{"start":{"line":30,"column":17},"end":{"line":35,"column":4}},"16":{"start":{"line":36,"column":22},"end":{"line":36,"column":41}},"17":{"start":{"line":39,"column":22},"end":{"line":45,"column":3}},"18":{"start":{"line":48,"column":2},"end":{"line":51,"column":5}},"19":{"start":{"line":57,"column":27},"end":{"line":65,"column":2}},"20":{"start":{"line":58,"column":17},"end":{"line":58,"column":30}},"21":{"start":{"line":61,"column":18},"end":{"line":61,"column":70}},"22":{"start":{"line":64,"column":2},"end":{"line":64,"column":32}},"23":{"start":{"line":70,"column":22},"end":{"line":76,"column":2}},"24":{"start":{"line":72,"column":18},"end":{"line":72,"column":54}},"25":{"start":{"line":75,"column":2},"end":{"line":75,"column":32}},"26":{"start":{"line":81,"column":21},"end":{"line":111,"column":2}},"27":{"start":{"line":82,"column":19},"end":{"line":82,"column":32}},"28":{"start":{"line":85,"column":17},"end":{"line":85,"column":48}},"29":{"start":{"line":87,"column":2},"end":{"line":90,"column":3}},"30":{"start":{"line":88,"column":4},"end":{"line":88,"column":20}},"31":{"start":{"line":89,"column":4},"end":{"line":89,"column":40}},"32":{"start":{"line":93,"column":2},"end":{"line":93,"column":24}},"33":{"start":{"line":96,"column":17},"end":{"line":96,"column":28}},"34":{"start":{"line":97,"column":15},"end":{"line":97,"column":42}},"35":{"start":{"line":99,"column":2},"end":{"line":102,"column":3}},"36":{"start":{"line":100,"column":4},"end":{"line":100,"column":20}},"37":{"start":{"line":101,"column":4},"end":{"line":101,"column":38}},"38":{"start":{"line":104,"column":2},"end":{"line":104,"column":34}},"39":{"start":{"line":105,"column":2},"end":{"line":105,"column":21}},"40":{"start":{"line":107,"column":2},"end":{"line":107,"column":20}},"41":{"start":{"line":110,"column":2},"end":{"line":110,"column":67}},"42":{"start":{"line":114,"column":0},"end":{"line":119,"column":1}}},"fnMap":{"0":{"name":"(anonymous_0)","decl":{"start":{"line":11,"column":34},"end":{"line":11,"column":35}},"loc":{"start":{"line":11,"column":54},"end":{"line":52,"column":1}},"line":11},"1":{"name":"(anonymous_1)","decl":{"start":{"line":57,"column":40},"end":{"line":57,"column":41}},"loc":{"start":{"line":57,"column":60},"end":{"line":65,"column":1}},"line":57},"2":{"name":"(anonymous_2)","decl":{"start":{"line":70,"column":35},"end":{"line":70,"column":36}},"loc":{"start":{"line":70,"column":55},"end":{"line":76,"column":1}},"line":70},"3":{"name":"(anonymous_3)","decl":{"start":{"line":81,"column":34},"end":{"line":81,"column":35}},"loc":{"start":{"line":81,"column":54},"end":{"line":111,"column":1}},"line":81}},"branchMap":{"0":{"loc":{"start":{"line":17,"column":2},"end":{"line":20,"column":3}},"type":"if","locations":[{"start":{"line":17,"column":2},"end":{"line":20,"column":3}},{"start":{},"end":{}}],"line":17},"1":{"loc":{"start":{"line":24,"column":2},"end":{"line":27,"column":3}},"type":"if","locations":[{"start":{"line":24,"column":2},"end":{"line":27,"column":3}},{"start":{},"end":{}}],"line":24},"2":{"loc":{"start":{"line":87,"column":2},"end":{"line":90,"column":3}},"type":"if","locations":[{"start":{"line":87,"column":2},"end":{"line":90,"column":3}},{"start":{},"end":{}}],"line":87},"3":{"loc":{"start":{"line":99,"column":2},"end":{"line":102,"column":3}},"type":"if","locations":[{"start":{"line":99,"column":2},"end":{"line":102,"column":3}},{"start":{},"end":{}}],"line":99}},"s":{"0":2,"1":2,"2":2,"3":2,"4":2,"5":2,"6":1,"7":1,"8":1,"9":0,"10":0,"11":1,"12":1,"13":0,"14":0,"15":1,"16":1,"17":1,"18":1,"19":2,"20":0,"21":0,"22":0,"23":2,"24":0,"25":0,"26":2,"27":0,"28":0,"29":0,"30":0,"31":0,"32":0,"33":0,"34":0,"35":0,"36":0,"37":0,"38":0,"39":0,"40":0,"41":0,"42":2},"f":{"0":1,"1":0,"2":0,"3":0},"b":{"0":[0,1],"1":[0,1],"2":[0,0],"3":[0,0]},"_coverageSchema":"1a1c01bbd47fc00a2c39e90264f33305004495a9","hash":"c8a3572cf3e86be0515bdc411b8e840fa28b7b1d"}
,"/Users/petterdalhaug/Documents/testdekning/pageturner/backend/controllers/userController.js": {"path":"/Users/petterdalhaug/Documents/testdekning/pageturner/backend/controllers/userController.js","statementMap":{"0":{"start":{"line":1,"column":13},"end":{"line":1,"column":38}},"1":{"start":{"line":2,"column":15},"end":{"line":2,"column":42}},"2":{"start":{"line":3,"column":13},"end":{"line":3,"column":38}},"3":{"start":{"line":4,"column":12},"end":{"line":4,"column":35}},"4":{"start":{"line":5,"column":21},"end":{"line":5,"column":53}},"5":{"start":{"line":10,"column":20},"end":{"line":20,"column":4}},"6":{"start":{"line":11,"column":18},"end":{"line":11,"column":44}},"7":{"start":{"line":14,"column":4},"end":{"line":17,"column":5}},"8":{"start":{"line":15,"column":6},"end":{"line":15,"column":22}},"9":{"start":{"line":16,"column":6},"end":{"line":16,"column":40}},"10":{"start":{"line":19,"column":4},"end":{"line":19,"column":32}},"11":{"start":{"line":25,"column":20},"end":{"line":39,"column":2}},"12":{"start":{"line":26,"column":19},"end":{"line":26,"column":29}},"13":{"start":{"line":28,"column":4},"end":{"line":30,"column":5}},"14":{"start":{"line":29,"column":8},"end":{"line":29,"column":68}},"15":{"start":{"line":32,"column":17},"end":{"line":32,"column":50}},"16":{"start":{"line":34,"column":4},"end":{"line":38,"column":5}},"17":{"start":{"line":35,"column":8},"end":{"line":35,"column":66}},"18":{"start":{"line":37,"column":8},"end":{"line":37,"column":34}},"19":{"start":{"line":45,"column":23},"end":{"line":61,"column":2}},"20":{"start":{"line":46,"column":19},"end":{"line":46,"column":29}},"21":{"start":{"line":48,"column":4},"end":{"line":50,"column":5}},"22":{"start":{"line":49,"column":8},"end":{"line":49,"column":68}},"23":{"start":{"line":52,"column":17},"end":{"line":52,"column":47}},"24":{"start":{"line":54,"column":4},"end":{"line":58,"column":5}},"25":{"start":{"line":55,"column":8},"end":{"line":55,"column":66}},"26":{"start":{"line":57,"column":8},"end":{"line":57,"column":30}},"27":{"start":{"line":59,"column":4},"end":{"line":59,"column":53}},"28":{"start":{"line":66,"column":21},"end":{"line":96,"column":2}},"29":{"start":{"line":67,"column":38},"end":{"line":67,"column":46}},"30":{"start":{"line":69,"column":4},"end":{"line":71,"column":5}},"31":{"start":{"line":70,"column":8},"end":{"line":70,"column":78}},"32":{"start":{"line":73,"column":23},"end":{"line":73,"column":59}},"33":{"start":{"line":75,"column":4},"end":{"line":77,"column":5}},"34":{"start":{"line":76,"column":8},"end":{"line":76,"column":64}},"35":{"start":{"line":80,"column":17},"end":{"line":84,"column":6}},"36":{"start":{"line":86,"column":4},"end":{"line":95,"column":5}},"37":{"start":{"line":87,"column":8},"end":{"line":92,"column":10}},"38":{"start":{"line":94,"column":8},"end":{"line":94,"column":62}},"39":{"start":{"line":101,"column":18},"end":{"line":116,"column":2}},"40":{"start":{"line":102,"column":32},"end":{"line":102,"column":40}},"41":{"start":{"line":104,"column":17},"end":{"line":104,"column":46}},"42":{"start":{"line":106,"column":4},"end":{"line":115,"column":5}},"43":{"start":{"line":107,"column":8},"end":{"line":112,"column":10}},"44":{"start":{"line":114,"column":8},"end":{"line":114,"column":70}},"45":{"start":{"line":121,"column":14},"end":{"line":129,"column":2}},"46":{"start":{"line":122,"column":33},"end":{"line":122,"column":65}},"47":{"start":{"line":124,"column":4},"end":{"line":128,"column":6}},"48":{"start":{"line":132,"column":22},"end":{"line":136,"column":1}},"49":{"start":{"line":133,"column":4},"end":{"line":135,"column":6}},"50":{"start":{"line":139,"column":0},"end":{"line":146,"column":1}}},"fnMap":{"0":{"name":"(anonymous_0)","decl":{"start":{"line":10,"column":33},"end":{"line":10,"column":34}},"loc":{"start":{"line":10,"column":53},"end":{"line":20,"column":3}},"line":10},"1":{"name":"(anonymous_1)","decl":{"start":{"line":25,"column":33},"end":{"line":25,"column":34}},"loc":{"start":{"line":25,"column":53},"end":{"line":39,"column":1}},"line":25},"2":{"name":"(anonymous_2)","decl":{"start":{"line":45,"column":36},"end":{"line":45,"column":37}},"loc":{"start":{"line":45,"column":56},"end":{"line":61,"column":1}},"line":45},"3":{"name":"(anonymous_3)","decl":{"start":{"line":66,"column":34},"end":{"line":66,"column":35}},"loc":{"start":{"line":66,"column":54},"end":{"line":96,"column":1}},"line":66},"4":{"name":"(anonymous_4)","decl":{"start":{"line":101,"column":31},"end":{"line":101,"column":32}},"loc":{"start":{"line":101,"column":51},"end":{"line":116,"column":1}},"line":101},"5":{"name":"(anonymous_5)","decl":{"start":{"line":121,"column":27},"end":{"line":121,"column":28}},"loc":{"start":{"line":121,"column":47},"end":{"line":129,"column":1}},"line":121},"6":{"name":"(anonymous_6)","decl":{"start":{"line":132,"column":22},"end":{"line":132,"column":23}},"loc":{"start":{"line":132,"column":30},"end":{"line":136,"column":1}},"line":132}},"branchMap":{"0":{"loc":{"start":{"line":14,"column":4},"end":{"line":17,"column":5}},"type":"if","locations":[{"start":{"line":14,"column":4},"end":{"line":17,"column":5}},{"start":{},"end":{}}],"line":14},"1":{"loc":{"start":{"line":28,"column":4},"end":{"line":30,"column":5}},"type":"if","locations":[{"start":{"line":28,"column":4},"end":{"line":30,"column":5}},{"start":{},"end":{}}],"line":28},"2":{"loc":{"start":{"line":34,"column":4},"end":{"line":38,"column":5}},"type":"if","locations":[{"start":{"line":34,"column":4},"end":{"line":38,"column":5}},{"start":{"line":36,"column":11},"end":{"line":38,"column":5}}],"line":34},"3":{"loc":{"start":{"line":48,"column":4},"end":{"line":50,"column":5}},"type":"if","locations":[{"start":{"line":48,"column":4},"end":{"line":50,"column":5}},{"start":{},"end":{}}],"line":48},"4":{"loc":{"start":{"line":54,"column":4},"end":{"line":58,"column":5}},"type":"if","locations":[{"start":{"line":54,"column":4},"end":{"line":58,"column":5}},{"start":{"line":56,"column":11},"end":{"line":58,"column":5}}],"line":54},"5":{"loc":{"start":{"line":69,"column":4},"end":{"line":71,"column":5}},"type":"if","locations":[{"start":{"line":69,"column":4},"end":{"line":71,"column":5}},{"start":{},"end":{}}],"line":69},"6":{"loc":{"start":{"line":69,"column":8},"end":{"line":69,"column":36}},"type":"binary-expr","locations":[{"start":{"line":69,"column":8},"end":{"line":69,"column":13}},{"start":{"line":69,"column":17},"end":{"line":69,"column":23}},{"start":{"line":69,"column":27},"end":{"line":69,"column":36}}],"line":69},"7":{"loc":{"start":{"line":75,"column":4},"end":{"line":77,"column":5}},"type":"if","locations":[{"start":{"line":75,"column":4},"end":{"line":77,"column":5}},{"start":{},"end":{}}],"line":75},"8":{"loc":{"start":{"line":86,"column":4},"end":{"line":95,"column":5}},"type":"if","locations":[{"start":{"line":86,"column":4},"end":{"line":95,"column":5}},{"start":{"line":93,"column":11},"end":{"line":95,"column":5}}],"line":86},"9":{"loc":{"start":{"line":106,"column":4},"end":{"line":115,"column":5}},"type":"if","locations":[{"start":{"line":106,"column":4},"end":{"line":115,"column":5}},{"start":{"line":113,"column":11},"end":{"line":115,"column":5}}],"line":106},"10":{"loc":{"start":{"line":106,"column":8},"end":{"line":106,"column":44}},"type":"binary-expr","locations":[{"start":{"line":106,"column":8},"end":{"line":106,"column":12}},{"start":{"line":106,"column":17},"end":{"line":106,"column":43}}],"line":106}},"s":{"0":2,"1":2,"2":2,"3":2,"4":2,"5":2,"6":2,"7":2,"8":1,"9":1,"10":1,"11":2,"12":0,"13":0,"14":0,"15":0,"16":0,"17":0,"18":0,"19":2,"20":0,"21":0,"22":0,"23":0,"24":0,"25":0,"26":0,"27":0,"28":2,"29":0,"30":0,"31":0,"32":0,"33":0,"34":0,"35":0,"36":0,"37":0,"38":0,"39":2,"40":0,"41":0,"42":0,"43":0,"44":0,"45":2,"46":0,"47":0,"48":2,"49":0,"50":2},"f":{"0":2,"1":0,"2":0,"3":0,"4":0,"5":0,"6":0},"b":{"0":[1,1],"1":[0,0],"2":[0,0],"3":[0,0],"4":[0,0],"5":[0,0],"6":[0,0,0],"7":[0,0],"8":[0,0],"9":[0,0],"10":[0,0]},"_coverageSchema":"1a1c01bbd47fc00a2c39e90264f33305004495a9","hash":"4e365697688911ea06b909f7ddeade115071a22a"}
,"/Users/petterdalhaug/Documents/testdekning/pageturner/backend/middleware/authMiddleware.js": {"path":"/Users/petterdalhaug/Documents/testdekning/pageturner/backend/middleware/authMiddleware.js","statementMap":{"0":{"start":{"line":1,"column":12},"end":{"line":1,"column":35}},"1":{"start":{"line":2,"column":21},"end":{"line":2,"column":53}},"2":{"start":{"line":3,"column":13},"end":{"line":3,"column":38}},"3":{"start":{"line":5,"column":16},"end":{"line":28,"column":2}},"4":{"start":{"line":7,"column":4},"end":{"line":22,"column":5}},"5":{"start":{"line":8,"column":8},"end":{"line":21,"column":9}},"6":{"start":{"line":10,"column":12},"end":{"line":10,"column":59}},"7":{"start":{"line":12,"column":28},"end":{"line":12,"column":69}},"8":{"start":{"line":14,"column":12},"end":{"line":14,"column":74}},"9":{"start":{"line":16,"column":12},"end":{"line":16,"column":18}},"10":{"start":{"line":18,"column":12},"end":{"line":18,"column":30}},"11":{"start":{"line":19,"column":12},"end":{"line":19,"column":27}},"12":{"start":{"line":20,"column":12},"end":{"line":20,"column":52}},"13":{"start":{"line":24,"column":4},"end":{"line":27,"column":5}},"14":{"start":{"line":25,"column":8},"end":{"line":25,"column":23}},"15":{"start":{"line":26,"column":8},"end":{"line":26,"column":44}},"16":{"start":{"line":31,"column":0},"end":{"line":31,"column":28}}},"fnMap":{"0":{"name":"(anonymous_0)","decl":{"start":{"line":5,"column":29},"end":{"line":5,"column":30}},"loc":{"start":{"line":5,"column":55},"end":{"line":28,"column":1}},"line":5}},"branchMap":{"0":{"loc":{"start":{"line":7,"column":4},"end":{"line":22,"column":5}},"type":"if","locations":[{"start":{"line":7,"column":4},"end":{"line":22,"column":5}},{"start":{},"end":{}}],"line":7},"1":{"loc":{"start":{"line":7,"column":8},"end":{"line":7,"column":83}},"type":"binary-expr","locations":[{"start":{"line":7,"column":8},"end":{"line":7,"column":33}},{"start":{"line":7,"column":37},"end":{"line":7,"column":83}}],"line":7},"2":{"loc":{"start":{"line":24,"column":4},"end":{"line":27,"column":5}},"type":"if","locations":[{"start":{"line":24,"column":4},"end":{"line":27,"column":5}},{"start":{},"end":{}}],"line":24}},"s":{"0":2,"1":2,"2":2,"3":2,"4":3,"5":2,"6":2,"7":2,"8":1,"9":1,"10":1,"11":1,"12":1,"13":3,"14":1,"15":1,"16":2},"f":{"0":3},"b":{"0":[2,1],"1":[3,2],"2":[1,2]},"_coverageSchema":"1a1c01bbd47fc00a2c39e90264f33305004495a9","hash":"8d32b294e106214282641b131ce502b028295a44"}
,"/Users/petterdalhaug/Documents/testdekning/pageturner/backend/models/Author.js": {"path":"/Users/petterdalhaug/Documents/testdekning/pageturner/backend/models/Author.js","statementMap":{"0":{"start":{"line":1,"column":17},"end":{"line":1,"column":36}},"1":{"start":{"line":3,"column":15},"end":{"line":3,"column":30}},"2":{"start":{"line":5,"column":21},"end":{"line":22,"column":1}},"3":{"start":{"line":24,"column":0},"end":{"line":24,"column":55}}},"fnMap":{},"branchMap":{},"s":{"0":7,"1":7,"2":7,"3":7},"f":{},"b":{},"_coverageSchema":"1a1c01bbd47fc00a2c39e90264f33305004495a9","hash":"994642800343aee37f0e7a83a88c2430485f891d"}
,"/Users/petterdalhaug/Documents/testdekning/pageturner/backend/models/Book.js": {"path":"/Users/petterdalhaug/Documents/testdekning/pageturner/backend/models/Book.js","statementMap":{"0":{"start":{"line":1,"column":17},"end":{"line":1,"column":36}},"1":{"start":{"line":3,"column":19},"end":{"line":53,"column":1}},"2":{"start":{"line":55,"column":0},"end":{"line":55,"column":51}}},"fnMap":{},"branchMap":{},"s":{"0":6,"1":6,"2":6},"f":{},"b":{},"_coverageSchema":"1a1c01bbd47fc00a2c39e90264f33305004495a9","hash":"1a5cebdadd31b8556fd0adff61218c6330561abe"}
,"/Users/petterdalhaug/Documents/testdekning/pageturner/backend/models/Review.js": {"path":"/Users/petterdalhaug/Documents/testdekning/pageturner/backend/models/Review.js","statementMap":{"0":{"start":{"line":1,"column":17},"end":{"line":1,"column":36}},"1":{"start":{"line":3,"column":15},"end":{"line":3,"column":30}},"2":{"start":{"line":5,"column":21},"end":{"line":27,"column":1}},"3":{"start":{"line":29,"column":0},"end":{"line":29,"column":55}}},"fnMap":{},"branchMap":{},"s":{"0":3,"1":3,"2":3,"3":3},"f":{},"b":{},"_coverageSchema":"1a1c01bbd47fc00a2c39e90264f33305004495a9","hash":"5b9a6d8cfd72cb594964e5a79ab6b25904d18c78"}
,"/Users/petterdalhaug/Documents/testdekning/pageturner/backend/models/User.js": {"path":"/Users/petterdalhaug/Documents/testdekning/pageturner/backend/models/User.js","statementMap":{"0":{"start":{"line":1,"column":17},"end":{"line":1,"column":36}},"1":{"start":{"line":4,"column":19},"end":{"line":41,"column":1}},"2":{"start":{"line":43,"column":0},"end":{"line":43,"column":51}}},"fnMap":{},"branchMap":{},"s":{"0":7,"1":7,"2":7},"f":{},"b":{},"_coverageSchema":"1a1c01bbd47fc00a2c39e90264f33305004495a9","hash":"1464aa8231786a73d0a1940613e4d674f721c600"}
,"/Users/petterdalhaug/Documents/testdekning/pageturner/backend/routes/authorRoutes.js": {"path":"/Users/petterdalhaug/Documents/testdekning/pageturner/backend/routes/authorRoutes.js","statementMap":{"0":{"start":{"line":1,"column":16},"end":{"line":1,"column":34}},"1":{"start":{"line":2,"column":15},"end":{"line":2,"column":42}},"2":{"start":{"line":10,"column":4},"end":{"line":10,"column":46}},"3":{"start":{"line":12,"column":15},"end":{"line":12,"column":31}},"4":{"start":{"line":14,"column":20},"end":{"line":14,"column":59}},"5":{"start":{"line":17,"column":0},"end":{"line":17,"column":27}},"6":{"start":{"line":20,"column":0},"end":{"line":20,"column":29}},"7":{"start":{"line":23,"column":0},"end":{"line":23,"column":50}},"8":{"start":{"line":26,"column":0},"end":{"line":26,"column":36}},"9":{"start":{"line":29,"column":0},"end":{"line":29,"column":35}},"10":{"start":{"line":32,"column":0},"end":{"line":32,"column":56}},"11":{"start":{"line":35,"column":0},"end":{"line":35,"column":23}}},"fnMap":{},"branchMap":{},"s":{"0":1,"1":1,"2":1,"3":1,"4":1,"5":1,"6":1,"7":1,"8":1,"9":1,"10":1,"11":1},"f":{},"b":{},"_coverageSchema":"1a1c01bbd47fc00a2c39e90264f33305004495a9","hash":"b12b25b6dbd34bce3c0c45e55600b7a0276ea693"}
,"/Users/petterdalhaug/Documents/testdekning/pageturner/backend/routes/bookRoutes.js": {"path":"/Users/petterdalhaug/Documents/testdekning/pageturner/backend/routes/bookRoutes.js","statementMap":{"0":{"start":{"line":1,"column":16},"end":{"line":1,"column":34}},"1":{"start":{"line":2,"column":15},"end":{"line":2,"column":31}},"2":{"start":{"line":12,"column":6},"end":{"line":12,"column":46}},"3":{"start":{"line":17,"column":0},"end":{"line":17,"column":28}},"4":{"start":{"line":20,"column":0},"end":{"line":20,"column":31}},"5":{"start":{"line":23,"column":0},"end":{"line":23,"column":40}},"6":{"start":{"line":26,"column":0},"end":{"line":26,"column":43}},"7":{"start":{"line":29,"column":0},"end":{"line":29,"column":31}},"8":{"start":{"line":32,"column":0},"end":{"line":32,"column":32}},"9":{"start":{"line":35,"column":0},"end":{"line":35,"column":33}},"10":{"start":{"line":38,"column":0},"end":{"line":38,"column":49}},"11":{"start":{"line":40,"column":0},"end":{"line":40,"column":23}}},"fnMap":{},"branchMap":{},"s":{"0":1,"1":1,"2":1,"3":1,"4":1,"5":1,"6":1,"7":1,"8":1,"9":1,"10":1,"11":1},"f":{},"b":{},"_coverageSchema":"1a1c01bbd47fc00a2c39e90264f33305004495a9","hash":"5a2e31f3d1ff68162d9605ac88dcd4eae7afedfa"}
,"/Users/petterdalhaug/Documents/testdekning/pageturner/backend/routes/reviewRoutes.js": {"path":"/Users/petterdalhaug/Documents/testdekning/pageturner/backend/routes/reviewRoutes.js","statementMap":{"0":{"start":{"line":1,"column":16},"end":{"line":1,"column":34}},"1":{"start":{"line":2,"column":15},"end":{"line":2,"column":42}},"2":{"start":{"line":8,"column":4},"end":{"line":8,"column":46}},"3":{"start":{"line":10,"column":15},"end":{"line":10,"column":31}},"4":{"start":{"line":13,"column":0},"end":{"line":13,"column":30}},"5":{"start":{"line":16,"column":0},"end":{"line":16,"column":38}},"6":{"start":{"line":19,"column":0},"end":{"line":19,"column":30}},"7":{"start":{"line":23,"column":0},"end":{"line":23,"column":35}},"8":{"start":{"line":30,"column":0},"end":{"line":30,"column":23}}},"fnMap":{},"branchMap":{},"s":{"0":1,"1":1,"2":1,"3":1,"4":1,"5":1,"6":1,"7":1,"8":1},"f":{},"b":{},"_coverageSchema":"1a1c01bbd47fc00a2c39e90264f33305004495a9","hash":"8ebd427c2320167d4184a1812fabf3f710fffd4f"}
,"/Users/petterdalhaug/Documents/testdekning/pageturner/backend/routes/userRoutes.js": {"path":"/Users/petterdalhaug/Documents/testdekning/pageturner/backend/routes/userRoutes.js","statementMap":{"0":{"start":{"line":1,"column":16},"end":{"line":1,"column":34}},"1":{"start":{"line":2,"column":15},"end":{"line":2,"column":31}},"2":{"start":{"line":4,"column":85},"end":{"line":4,"column":125}},"3":{"start":{"line":5,"column":20},"end":{"line":5,"column":59}},"4":{"start":{"line":9,"column":0},"end":{"line":9,"column":28}},"5":{"start":{"line":12,"column":0},"end":{"line":12,"column":31}},"6":{"start":{"line":15,"column":0},"end":{"line":15,"column":37}},"7":{"start":{"line":18,"column":0},"end":{"line":18,"column":30}},"8":{"start":{"line":21,"column":0},"end":{"line":21,"column":32}},"9":{"start":{"line":24,"column":0},"end":{"line":24,"column":33}},"10":{"start":{"line":26,"column":0},"end":{"line":26,"column":23}}},"fnMap":{},"branchMap":{},"s":{"0":1,"1":1,"2":1,"3":1,"4":1,"5":1,"6":1,"7":1,"8":1,"9":1,"10":1},"f":{},"b":{},"_coverageSchema":"1a1c01bbd47fc00a2c39e90264f33305004495a9","hash":"552febc6ffe29cedb5bd7a1c63439e31ff219beb"}
}
