TN:
SF:server.js
FN:21,(anonymous_0)
FN:34,(anonymous_1)
FN:41,(anonymous_2)
FN:43,(anonymous_3)
FN:47,(anonymous_4)
FNF:5
FNH:1
FNDA:0,(anonymous_0)
FNDA:0,(anonymous_1)
FNDA:1,(anonymous_2)
FNDA:0,(anonymous_3)
FNDA:0,(anonymous_4)
DA:1,1
DA:3,1
DA:4,1
DA:5,1
DA:6,1
DA:7,1
DA:8,1
DA:11,1
DA:13,1
DA:17,1
DA:20,1
DA:21,1
DA:22,0
DA:23,0
DA:27,1
DA:28,1
DA:29,1
DA:30,1
DA:34,1
DA:35,0
DA:36,0
DA:40,1
DA:43,1
DA:44,0
DA:48,0
LF:25
LH:19
BRF:0
BRH:0
end_of_record
TN:
SF:controllers/authorController.js
FN:5,(anonymous_0)
FN:12,(anonymous_1)
FN:32,(anonymous_2)
FN:39,(anonymous_3)
FN:81,(anonymous_4)
FN:95,(anonymous_5)
FN:114,(anonymous_6)
FNF:7
FNH:1
FNDA:1,(anonymous_0)
FNDA:0,(anonymous_1)
FNDA:0,(anonymous_2)
FNDA:0,(anonymous_3)
FNDA:0,(anonymous_4)
FNDA:0,(anonymous_5)
FNDA:0,(anonymous_6)
DA:1,2
DA:2,2
DA:5,2
DA:6,1
DA:8,1
DA:12,2
DA:14,0
DA:17,0
DA:18,0
DA:21,0
DA:23,0
DA:24,0
DA:27,0
DA:32,2
DA:33,0
DA:36,0
DA:39,0
DA:40,0
DA:41,0
DA:42,0
DA:43,0
DA:44,0
DA:46,0
DA:81,2
DA:82,0
DA:85,0
DA:86,0
DA:87,0
DA:89,0
DA:95,2
DA:96,0
DA:98,0
DA:99,0
DA:102,0
DA:104,0
DA:105,0
DA:108,0
DA:114,2
DA:115,0
DA:117,0
DA:119,0
DA:120,0
DA:123,0
DA:129,2
LF:44
LH:11
BRDA:17,0,0,0
BRDA:17,0,1,0
BRDA:23,1,0,0
BRDA:23,1,1,0
BRDA:40,2,0,0
BRDA:40,2,1,0
BRDA:43,3,0,0
BRDA:43,3,1,0
BRDA:98,4,0,0
BRDA:98,4,1,0
BRDA:104,5,0,0
BRDA:104,5,1,0
BRDA:119,6,0,0
BRDA:119,6,1,0
BRF:14
BRH:0
end_of_record
TN:
SF:controllers/bookController.js
FN:9,(anonymous_0)
FN:16,(anonymous_1)
FN:59,(anonymous_2)
FN:101,(anonymous_3)
FN:136,(anonymous_4)
FN:170,(anonymous_5)
FN:205,(anonymous_6)
FN:239,(anonymous_7)
FN:255,(anonymous_8)
FNF:9
FNH:2
FNDA:1,(anonymous_0)
FNDA:2,(anonymous_1)
FNDA:0,(anonymous_2)
FNDA:0,(anonymous_3)
FNDA:0,(anonymous_4)
FNDA:0,(anonymous_5)
FNDA:0,(anonymous_6)
FNDA:0,(anonymous_7)
FNDA:0,(anonymous_8)
DA:1,2
DA:2,2
DA:3,2
DA:4,2
DA:9,2
DA:11,1
DA:13,1
DA:16,1
DA:17,2
DA:36,1
DA:39,0
DA:40,0
DA:59,2
DA:60,0
DA:62,0
DA:63,0
DA:66,0
DA:67,0
DA:70,0
DA:72,0
DA:76,0
DA:94,0
DA:101,2
DA:102,0
DA:104,0
DA:105,0
DA:110,0
DA:111,0
DA:114,0
DA:136,2
DA:137,0
DA:139,0
DA:140,0
DA:144,0
DA:145,0
DA:148,0
DA:170,2
DA:171,0
DA:172,0
DA:175,0
DA:179,0
DA:181,0
DA:192,0
DA:194,0
DA:196,0
DA:197,0
DA:205,2
DA:206,0
DA:207,0
DA:209,0
DA:211,0
DA:212,0
DA:216,0
DA:218,0
DA:219,0
DA:222,0
DA:223,0
DA:224,0
DA:225,0
DA:226,0
DA:227,0
DA:228,0
DA:229,0
DA:230,0
DA:232,0
DA:233,0
DA:239,2
DA:240,0
DA:242,0
DA:244,0
DA:245,0
DA:248,0
DA:249,0
DA:255,2
DA:256,0
DA:257,0
DA:258,0
DA:259,0
DA:260,0
DA:262,0
DA:270,2
LF:81
LH:18
BRDA:62,0,0,0
BRDA:62,0,1,0
BRDA:70,1,0,0
BRDA:70,1,1,0
BRDA:110,2,0,0
BRDA:110,2,1,0
BRDA:144,3,0,0
BRDA:144,3,1,0
BRDA:179,4,0,0
BRDA:179,4,1,0
BRDA:211,5,0,0
BRDA:211,5,1,0
BRDA:218,6,0,0
BRDA:218,6,1,0
BRDA:218,7,0,0
BRDA:218,7,1,0
BRDA:244,8,0,0
BRDA:244,8,1,0
BRDA:259,9,0,0
BRDA:259,9,1,0
BRF:20
BRH:0
end_of_record
TN:
SF:controllers/reviewController.js
FN:11,(anonymous_0)
FN:57,(anonymous_1)
FN:70,(anonymous_2)
FN:81,(anonymous_3)
FNF:4
FNH:1
FNDA:1,(anonymous_0)
FNDA:0,(anonymous_1)
FNDA:0,(anonymous_2)
FNDA:0,(anonymous_3)
DA:1,2
DA:2,2
DA:3,2
DA:4,2
DA:5,2
DA:11,2
DA:13,1
DA:16,1
DA:17,1
DA:18,0
DA:19,0
DA:23,1
DA:24,1
DA:25,0
DA:26,0
DA:30,1
DA:36,1
DA:39,1
DA:48,1
DA:57,2
DA:58,0
DA:61,0
DA:64,0
DA:70,2
DA:72,0
DA:75,0
DA:81,2
DA:82,0
DA:85,0
DA:87,0
DA:88,0
DA:89,0
DA:93,0
DA:96,0
DA:97,0
DA:99,0
DA:100,0
DA:101,0
DA:104,0
DA:105,0
DA:107,0
DA:110,0
DA:114,2
LF:43
LH:19
BRDA:17,0,0,0
BRDA:17,0,1,1
BRDA:24,1,0,0
BRDA:24,1,1,1
BRDA:87,2,0,0
BRDA:87,2,1,0
BRDA:99,3,0,0
BRDA:99,3,1,0
BRF:8
BRH:2
end_of_record
TN:
SF:controllers/userController.js
FN:10,(anonymous_0)
FN:25,(anonymous_1)
FN:45,(anonymous_2)
FN:66,(anonymous_3)
FN:101,(anonymous_4)
FN:121,(anonymous_5)
FN:132,(anonymous_6)
FNF:7
FNH:1
FNDA:2,(anonymous_0)
FNDA:0,(anonymous_1)
FNDA:0,(anonymous_2)
FNDA:0,(anonymous_3)
FNDA:0,(anonymous_4)
FNDA:0,(anonymous_5)
FNDA:0,(anonymous_6)
DA:1,2
DA:2,2
DA:3,2
DA:4,2
DA:5,2
DA:10,2
DA:11,2
DA:14,2
DA:15,1
DA:16,1
DA:19,1
DA:25,2
DA:26,0
DA:28,0
DA:29,0
DA:32,0
DA:34,0
DA:35,0
DA:37,0
DA:45,2
DA:46,0
DA:48,0
DA:49,0
DA:52,0
DA:54,0
DA:55,0
DA:57,0
DA:59,0
DA:66,2
DA:67,0
DA:69,0
DA:70,0
DA:73,0
DA:75,0
DA:76,0
DA:80,0
DA:86,0
DA:87,0
DA:94,0
DA:101,2
DA:102,0
DA:104,0
DA:106,0
DA:107,0
DA:114,0
DA:121,2
DA:122,0
DA:124,0
DA:132,2
DA:133,0
DA:139,2
LF:51
LH:18
BRDA:14,0,0,1
BRDA:14,0,1,1
BRDA:28,1,0,0
BRDA:28,1,1,0
BRDA:34,2,0,0
BRDA:34,2,1,0
BRDA:48,3,0,0
BRDA:48,3,1,0
BRDA:54,4,0,0
BRDA:54,4,1,0
BRDA:69,5,0,0
BRDA:69,5,1,0
BRDA:69,6,0,0
BRDA:69,6,1,0
BRDA:69,6,2,0
BRDA:75,7,0,0
BRDA:75,7,1,0
BRDA:86,8,0,0
BRDA:86,8,1,0
BRDA:106,9,0,0
BRDA:106,9,1,0
BRDA:106,10,0,0
BRDA:106,10,1,0
BRF:23
BRH:2
end_of_record
TN:
SF:middleware/authMiddleware.js
FN:5,(anonymous_0)
FNF:1
FNH:1
FNDA:3,(anonymous_0)
DA:1,2
DA:2,2
DA:3,2
DA:5,2
DA:7,3
DA:8,2
DA:10,2
DA:12,2
DA:14,1
DA:16,1
DA:18,1
DA:19,1
DA:20,1
DA:24,3
DA:25,1
DA:26,1
DA:31,2
LF:17
LH:17
BRDA:7,0,0,2
BRDA:7,0,1,1
BRDA:7,1,0,3
BRDA:7,1,1,2
BRDA:24,2,0,1
BRDA:24,2,1,2
BRF:6
BRH:6
end_of_record
TN:
SF:models/Author.js
FNF:0
FNH:0
DA:1,7
DA:3,7
DA:5,7
DA:24,7
LF:4
LH:4
BRF:0
BRH:0
end_of_record
TN:
SF:models/Book.js
FNF:0
FNH:0
DA:1,6
DA:3,6
DA:55,6
LF:3
LH:3
BRF:0
BRH:0
end_of_record
TN:
SF:models/Review.js
FNF:0
FNH:0
DA:1,3
DA:3,3
DA:5,3
DA:29,3
LF:4
LH:4
BRF:0
BRH:0
end_of_record
TN:
SF:models/User.js
FNF:0
FNH:0
DA:1,7
DA:4,7
DA:43,7
LF:3
LH:3
BRF:0
BRH:0
end_of_record
TN:
SF:routes/authorRoutes.js
FNF:0
FNH:0
DA:1,1
DA:2,1
DA:10,1
DA:12,1
DA:14,1
DA:17,1
DA:20,1
DA:23,1
DA:26,1
DA:29,1
DA:32,1
DA:35,1
LF:12
LH:12
BRF:0
BRH:0
end_of_record
TN:
SF:routes/bookRoutes.js
FNF:0
FNH:0
DA:1,1
DA:2,1
DA:12,1
DA:17,1
DA:20,1
DA:23,1
DA:26,1
DA:29,1
DA:32,1
DA:35,1
DA:38,1
DA:40,1
LF:12
LH:12
BRF:0
BRH:0
end_of_record
TN:
SF:routes/reviewRoutes.js
FNF:0
FNH:0
DA:1,1
DA:2,1
DA:8,1
DA:10,1
DA:13,1
DA:16,1
DA:19,1
DA:23,1
DA:30,1
LF:9
LH:9
BRF:0
BRH:0
end_of_record
TN:
SF:routes/userRoutes.js
FNF:0
FNH:0
DA:1,1
DA:2,1
DA:4,1
DA:5,1
DA:9,1
DA:12,1
DA:15,1
DA:18,1
DA:21,1
DA:24,1
DA:26,1
LF:11
LH:11
BRF:0
BRH:0
end_of_record
